#
# A fatal error has been detected by the Java Runtime Environment:
#
#  EXCEPTION_ACCESS_VIOLATION (0xc0000005) at pc=0x0000000065739f6a, pid=22716, tid=27820
#
# JRE version: Java(TM) SE Runtime Environment (8.0_91-b14) (build 1.8.0_91-b14)
# Java VM: Java HotSpot(TM) 64-Bit Server VM (25.91-b14 mixed mode windows-amd64 compressed oops)
# Problematic frame:
# V  [jvm.dll+0x139f6a]
#
# Failed to write core dump. Minidumps are not enabled by default on client versions of Windows
#
# If you would like to submit a bug report, please visit:
#   http://bugreport.java.com/bugreport/crash.jsp
#

---------------  T H R E A D  ---------------

Current thread (0x0000000023412800):  JavaThread "pool-3-thread-1" daemon [_thread_in_vm, id=27820, stack(0x00000000287a0000,0x00000000288a0000)]

siginfo: ExceptionCode=0xc0000005, reading address 0x0000000000000000

Registers:
RAX=0x0000000000000003, RBX=0x0000000000000000, RCX=0x0000000000000000, RDX=0x0000000000000000
RSP=0x000000002889e5a0, RBP=0x000000002889e699, RSI=0x0000000022a78150, RDI=0x000000001f055f70
R8 =0x0000000000000016, R9 =0x0000000065600000, R10=0x000000001f055f70, R11=0x0000000065600000
R12=0x0000000000000016, R13=0x0000000000000016, R14=0x0000000022a78050, R15=0x0000000000000003
RIP=0x0000000065739f6a, EFLAGS=0x0000000000010206

Top of Stack: (sp=0x000000002889e5a0)
0x000000002889e5a0:   000000000327d350 0000000022a78100
0x000000002889e5b0:   0000000000000009 0000000065e07728
0x000000002889e5c0:   000000001f055f70 00000000656f49e8
0x000000002889e5d0:   0000000000000000 0000000022a78148
0x000000002889e5e0:   0000000000000002 0000000000000020
0x000000002889e5f0:   0000000000000008 00000000656f5dc1
0x000000002889e600:   00000000201dda8e 000000006581c89a
0x000000002889e610:   0000000000000020 0000000000000020
0x000000002889e620:   0000000020d391e0 0000000000000000
0x000000002889e630:   0000000000000012 0000000065e07728
0x000000002889e640:   000000000000001f 0000000000000057
0x000000002889e650:   000000001f055f70 000000006567587a
0x000000002889e660:   0000000000000020 0000000000000013
0x000000002889e670:   0000000000000013 000000000000000c
0x000000002889e680:   0000000000000016 0000000065f0000b
0x000000002889e690:   000000000327be60 0000000065675b28 

Instructions: (pc=0x0000000065739f6a)
0x0000000065739f4a:   ff ca 88 41 ff 75 ef 43 c6 04 10 00 49 8b c2 c3
0x0000000065739f5a:   cc cc cc cc cc cc 48 89 5c 24 08 57 48 83 ec 20
0x0000000065739f6a:   0f b7 39 48 8b d9 33 d2 ff c7 48 63 cf e8 f4 1c
0x0000000065739f7a:   fb ff 4c 8b d8 85 ff 7e 45 44 0f b7 03 8d 57 ff 


Register to memory mapping:

RAX=0x0000000000000003 is an unknown value
RBX=0x0000000000000000 is an unknown value
RCX=0x0000000000000000 is an unknown value
RDX=0x0000000000000000 is an unknown value
RSP=0x000000002889e5a0 is pointing into the stack for thread: 0x0000000023412800
RBP=0x000000002889e699 is pointing into the stack for thread: 0x0000000023412800
RSI=0x0000000022a78150 is pointing into metadata
RDI=0x000000001f055f70 is an unknown value
R8 =0x0000000000000016 is an unknown value
R9 =0x0000000065600000 is an unknown value
R10=0x000000001f055f70 is an unknown value
R11=0x0000000065600000 is an unknown value
R12=0x0000000000000016 is an unknown value
R13=0x0000000000000016 is an unknown value
R14=0x0000000022a78050 is pointing into metadata
R15=0x0000000000000003 is an unknown value


Stack: [0x00000000287a0000,0x00000000288a0000],  sp=0x000000002889e5a0,  free space=1017k
Native frames: (J=compiled Java code, j=interpreted, Vv=VM code, C=native code)
V  [jvm.dll+0x139f6a]
V  [jvm.dll+0xf49e8]
V  [jvm.dll+0xf5dc1]
V  [jvm.dll+0x19dce2]
V  [jvm.dll+0x1a17a3]
V  [jvm.dll+0x1a862d]
V  [jvm.dll+0x346121]
C  [instrument.dll+0x39fa]
C  0x0000000003347f54

Java frames: (J=compiled Java code, j=interpreted, Vv=VM code)
j  sun.instrument.InstrumentationImpl.retransformClasses0(J[Ljava/lang/Class;)V+0
J 12821% C1 com.sun.btrace.agent.Client.retransformLoaded()V (300 bytes) @ 0x00000000034c55f4 [0x00000000034c2a20+0x2bd4]
j  com.sun.btrace.agent.Main$3.run()V+37
j  java.util.concurrent.Executors$RunnableAdapter.call()Ljava/lang/Object;+4
j  java.util.concurrent.FutureTask.run()V+42
j  java.util.concurrent.ThreadPoolExecutor.runWorker(Ljava/util/concurrent/ThreadPoolExecutor$Worker;)V+95
j  java.util.concurrent.ThreadPoolExecutor$Worker.run()V+5
j  java.lang.Thread.run()V+11
v  ~StubRoutines::call_stub

---------------  P R O C E S S  ---------------

Java Threads: ( => current thread )
  0x000000002340d000 JavaThread "Thread-24" daemon [_thread_in_native, id=22984, stack(0x000000002ac70000,0x000000002ad70000)]
  0x000000001e16e000 JavaThread "Thread-22" daemon [_thread_blocked, id=5304, stack(0x000000002ab70000,0x000000002ac70000)]
  0x000000002340e800 JavaThread "RMI TCP Connection(4)-192.168.56.1" daemon [_thread_in_native, id=18252, stack(0x00000000288a0000,0x00000000289a0000)]
=>0x0000000023412800 JavaThread "pool-3-thread-1" daemon [_thread_in_vm, id=27820, stack(0x00000000287a0000,0x00000000288a0000)]
  0x000000002340f800 JavaThread "Thread-15" daemon [_thread_blocked, id=760, stack(0x00000000284a0000,0x00000000285a0000)]
  0x0000000023413000 JavaThread "JMX server connection timeout 54" daemon [_thread_blocked, id=27492, stack(0x00000000273a0000,0x00000000274a0000)]
  0x0000000023410000 JavaThread "RMI Scheduler(0)" daemon [_thread_blocked, id=16024, stack(0x00000000272a0000,0x00000000273a0000)]
  0x000000001e16f000 JavaThread "RMI TCP Accept-0" daemon [_thread_in_native, id=20312, stack(0x0000000026fa0000,0x00000000270a0000)]
  0x000000001e16c800 JavaThread "Druid-ConnectionPool-Destroy-2090499991" daemon [_thread_blocked, id=18376, stack(0x00000000268a0000,0x00000000269a0000)]
  0x000000001e16c000 JavaThread "Druid-ConnectionPool-Create-2090499991" daemon [_thread_blocked, id=18668, stack(0x00000000267a0000,0x00000000268a0000)]
  0x000000001e16f800 JavaThread "Abandoned connection cleanup thread" daemon [_thread_blocked, id=22096, stack(0x00000000264a0000,0x00000000265a0000)]
  0x000000001e16d800 JavaThread "DestroyJavaVM" [_thread_blocked, id=25776, stack(0x0000000002f70000,0x0000000003070000)]
  0x000000001e164800 JavaThread "http-nio-8181-AsyncTimeout" daemon [_thread_blocked, id=28408, stack(0x00000000261a0000,0x00000000262a0000)]
  0x000000001e16b000 JavaThread "http-nio-8181-Acceptor-0" daemon [_thread_in_native, id=25116, stack(0x00000000260a0000,0x00000000261a0000)]
  0x000000001e169800 JavaThread "http-nio-8181-ClientPoller-1" daemon [_thread_in_native, id=25608, stack(0x0000000025fa0000,0x00000000260a0000)]
  0x000000001e169000 JavaThread "http-nio-8181-ClientPoller-0" daemon [_thread_in_native, id=28416, stack(0x0000000025cc0000,0x0000000025dc0000)]
  0x000000001e166800 JavaThread "http-nio-8181-exec-10" daemon [_thread_blocked, id=26872, stack(0x0000000025bc0000,0x0000000025cc0000)]
  0x000000001e163000 JavaThread "http-nio-8181-exec-9" daemon [_thread_blocked, id=22784, stack(0x0000000025ac0000,0x0000000025bc0000)]
  0x000000001e162000 JavaThread "http-nio-8181-exec-8" daemon [_thread_blocked, id=27344, stack(0x00000000259c0000,0x0000000025ac0000)]
  0x000000001e161800 JavaThread "http-nio-8181-exec-7" daemon [_thread_blocked, id=25520, stack(0x00000000258c0000,0x00000000259c0000)]
  0x000000001e166000 JavaThread "http-nio-8181-exec-6" daemon [_thread_blocked, id=9372, stack(0x00000000257c0000,0x00000000258c0000)]
  0x000000001e165000 JavaThread "http-nio-8181-exec-5" daemon [_thread_blocked, id=14300, stack(0x00000000256c0000,0x00000000257c0000)]
  0x000000001e168000 JavaThread "http-nio-8181-exec-4" daemon [_thread_blocked, id=25976, stack(0x00000000245f0000,0x00000000246f0000)]
  0x000000001e163800 JavaThread "http-nio-8181-exec-3" daemon [_thread_blocked, id=23700, stack(0x00000000244f0000,0x00000000245f0000)]
  0x000000001e160800 JavaThread "http-nio-8181-exec-2" daemon [_thread_blocked, id=28528, stack(0x00000000243f0000,0x00000000244f0000)]
  0x000000001e167800 JavaThread "http-nio-8181-exec-1" daemon [_thread_blocked, id=12616, stack(0x00000000242f0000,0x00000000243f0000)]
  0x000000001f0a8000 JavaThread "NioBlockingSelector.BlockPoller-1" daemon [_thread_in_native, id=27776, stack(0x00000000241f0000,0x00000000242f0000)]
  0x000000001f0a6800 JavaThread "Live Reload Server" daemon [_thread_in_native, id=27348, stack(0x00000000230e0000,0x00000000231e0000)]
  0x000000001f0a5000 JavaThread "File Watcher" daemon [_thread_blocked, id=15056, stack(0x0000000022c90000,0x0000000022d90000)]
  0x000000001f0a7000 JavaThread "commons-pool-EvictionTimer" daemon [_thread_blocked, id=9776, stack(0x0000000022790000,0x0000000022890000)]
  0x000000001df4d000 JavaThread "container-0" [_thread_blocked, id=596, stack(0x0000000022390000,0x0000000022490000)]
  0x0000000019f36000 JavaThread "ContainerBackgroundProcessor[StandardEngine[Tomcat]]" daemon [_thread_blocked, id=26392, stack(0x0000000022290000,0x0000000022390000)]
  0x000000001b4e4800 JavaThread "authentication%0043ache.data" [_thread_blocked, id=13696, stack(0x0000000021030000,0x0000000021130000)]
  0x000000001b4e3800 JavaThread "authorization%0043ache.data" [_thread_blocked, id=14816, stack(0x0000000020f30000,0x0000000021030000)]
  0x000000001e345800 JavaThread "net.sf.ehcache.CacheManager@7ef7234f" daemon [_thread_blocked, id=21420, stack(0x000000001eda0000,0x000000001eea0000)]
  0x0000000019a10000 JavaThread "Service Thread" daemon [_thread_blocked, id=27356, stack(0x000000001a480000,0x000000001a580000)]
  0x0000000019a0d800 JavaThread "C1 CompilerThread2" daemon [_thread_blocked, id=4284, stack(0x000000001a380000,0x000000001a480000)]
  0x00000000199a1800 JavaThread "C2 CompilerThread1" daemon [_thread_in_native, id=18472, stack(0x000000001a280000,0x000000001a380000)]
  0x00000000199a0800 JavaThread "C2 CompilerThread0" daemon [_thread_in_native, id=27116, stack(0x000000001a180000,0x000000001a280000)]
  0x0000000019631800 JavaThread "Monitor Ctrl-Break" daemon [_thread_in_native, id=26216, stack(0x000000001a080000,0x000000001a180000)]
  0x00000000192c3800 JavaThread "Attach Listener" daemon [_thread_blocked, id=25820, stack(0x0000000019780000,0x0000000019880000)]
  0x0000000017e61800 JavaThread "Signal Dispatcher" daemon [_thread_blocked, id=28316, stack(0x0000000019680000,0x0000000019780000)]
  0x0000000017e49000 JavaThread "Finalizer" daemon [_thread_blocked, id=16708, stack(0x00000000190c0000,0x00000000191c0000)]
  0x0000000003326000 JavaThread "Reference Handler" daemon [_thread_blocked, id=23556, stack(0x0000000018fc0000,0x00000000190c0000)]

Other Threads:
  0x0000000017e27800 VMThread [stack: 0x0000000018ec0000,0x0000000018fc0000] [id=14704]
  0x0000000019ac4800 WatcherThread [stack: 0x000000001a580000,0x000000001a680000] [id=26456]

VM state:not at safepoint (normal execution)

VM Mutex/Monitor currently owned by a thread: None

Heap:
 PSYoungGen      total 353280K, used 278404K [0x00000000d5f00000, 0x00000000ef880000, 0x0000000100000000)
  eden space 334848K, 78% used [0x00000000d5f00000,0x00000000e5f808a0,0x00000000ea600000)
  from space 18432K, 85% used [0x00000000ea600000,0x00000000eb560790,0x00000000eb800000)
  to   space 19968K, 0% used [0x00000000ee500000,0x00000000ee500000,0x00000000ef880000)
 ParOldGen       total 139264K, used 42294K [0x0000000081c00000, 0x000000008a400000, 0x00000000d5f00000)
  object space 139264K, 30% used [0x0000000081c00000,0x000000008454dbf0,0x000000008a400000)
 Metaspace       used 67023K, capacity 68456K, committed 68568K, reserved 1110016K
  class space    used 7822K, capacity 8096K, committed 8192K, reserved 1048576K

Card table byte_map: [0x00000000126f0000,0x0000000012af0000] byte_map_base: 0x00000000122e2000

Marking Bits: (ParMarkBitMap*) 0x0000000065e12f70
 Begin Bits: [0x00000000131a0000, 0x0000000015130000)
 End Bits:   [0x0000000015130000, 0x00000000170c0000)

Polling page: 0x0000000001480000

CodeCache: size=245760Kb used=12133Kb max_used=32965Kb free=233627Kb
 bounds [0x0000000003330000, 0x0000000005390000, 0x0000000012330000]
 total_blobs=3830 nmethods=3001 adapters=738
 compilation: enabled

Compilation events (10 events):
Event: 665.966 Thread 0x00000000199a0800 12814       4       java.util.LinkedHashMap::afterNodeInsertion (40 bytes)
Event: 665.968 Thread 0x00000000199a0800 nmethod 12814 0x0000000005258650 code [0x00000000052587a0, 0x00000000052588e8]
Event: 665.970 Thread 0x00000000199a1800 12815       4       sun.misc.URLClassPath::getResource (83 bytes)
Event: 665.970 Thread 0x00000000199a0800 12816       4       sun.net.www.ParseUtil::encodePath (336 bytes)
Event: 665.986 Thread 0x00000000199a0800 nmethod 12816 0x00000000036c5b10 code [0x00000000036c5ca0, 0x00000000036c66f8]
Event: 665.986 Thread 0x00000000199a0800 12817   !   4       com.sun.btrace.runtime.ClassFilter::isCandidate (360 bytes)
Event: 665.990 Thread 0x0000000019a0d800 12821 % !   3       com.sun.btrace.agent.Client::retransformLoaded @ 61 (300 bytes)
Event: 665.995 Thread 0x0000000019a0d800 nmethod 12821% 0x00000000034c24d0 code [0x00000000034c2a20, 0x00000000034c62e8]
Event: 666.002 Thread 0x0000000019a0d800 12822   !   3       com.sun.btrace.agent.Client::retransformLoaded (300 bytes)
Event: 666.006 Thread 0x0000000019a0d800 nmethod 12822 0x00000000039659d0 code [0x0000000003965f40, 0x00000000039699e8]

GC Heap History (10 events):
Event: 24.996 GC heap before
{Heap before GC invocations=20 (full 2):
 PSYoungGen      total 264704K, used 262280K [0x00000000d5f00000, 0x00000000e9b80000, 0x0000000100000000)
  eden space 249344K, 100% used [0x00000000d5f00000,0x00000000e5280000,0x00000000e5280000)
  from space 15360K, 84% used [0x00000000e5280000,0x00000000e5f22028,0x00000000e6180000)
  to   space 16384K, 0% used [0x00000000e8b80000,0x00000000e8b80000,0x00000000e9b80000)
 ParOldGen       total 89088K, used 35328K [0x0000000081c00000, 0x0000000087300000, 0x00000000d5f00000)
  object space 89088K, 39% used [0x0000000081c00000,0x0000000083e80390,0x0000000087300000)
 Metaspace       used 53195K, capacity 53988K, committed 54232K, reserved 1097728K
  class space    used 6462K, capacity 6635K, committed 6656K, reserved 1048576K
Event: 25.038 GC heap after
Heap after GC invocations=20 (full 2):
 PSYoungGen      total 305152K, used 16380K [0x00000000d5f00000, 0x00000000ea400000, 0x0000000100000000)
  eden space 288768K, 0% used [0x00000000d5f00000,0x00000000d5f00000,0x00000000e7900000)
  from space 16384K, 99% used [0x00000000e8b80000,0x00000000e9b7f2c8,0x00000000e9b80000)
  to   space 18944K, 0% used [0x00000000e7900000,0x00000000e7900000,0x00000000e8b80000)
 ParOldGen       total 89088K, used 35532K [0x0000000081c00000, 0x0000000087300000, 0x00000000d5f00000)
  object space 89088K, 39% used [0x0000000081c00000,0x0000000083eb3138,0x0000000087300000)
 Metaspace       used 53195K, capacity 53988K, committed 54232K, reserved 1097728K
  class space    used 6462K, capacity 6635K, committed 6656K, reserved 1048576K
}
Event: 95.751 GC heap before
{Heap before GC invocations=21 (full 2):
 PSYoungGen      total 305152K, used 167483K [0x00000000d5f00000, 0x00000000ea400000, 0x0000000100000000)
  eden space 288768K, 52% used [0x00000000d5f00000,0x00000000df28fca8,0x00000000e7900000)
  from space 16384K, 99% used [0x00000000e8b80000,0x00000000e9b7f2c8,0x00000000e9b80000)
  to   space 18944K, 0% used [0x00000000e7900000,0x00000000e7900000,0x00000000e8b80000)
 ParOldGen       total 89088K, used 35532K [0x0000000081c00000, 0x0000000087300000, 0x00000000d5f00000)
  object space 89088K, 39% used [0x0000000081c00000,0x0000000083eb3138,0x0000000087300000)
 Metaspace       used 57972K, capacity 58788K, committed 59028K, reserved 1101824K
  class space    used 6903K, capacity 7095K, committed 7168K, reserved 1048576K
Event: 95.777 GC heap after
Heap after GC invocations=21 (full 2):
 PSYoungGen      total 307712K, used 13021K [0x00000000d5f00000, 0x00000000ecb00000, 0x0000000100000000)
  eden space 288768K, 0% used [0x00000000d5f00000,0x00000000d5f00000,0x00000000e7900000)
  from space 18944K, 68% used [0x00000000e7900000,0x00000000e85b7478,0x00000000e8b80000)
  to   space 19456K, 0% used [0x00000000eb800000,0x00000000eb800000,0x00000000ecb00000)
 ParOldGen       total 89088K, used 41825K [0x0000000081c00000, 0x0000000087300000, 0x00000000d5f00000)
  object space 89088K, 46% used [0x0000000081c00000,0x00000000844d86f8,0x0000000087300000)
 Metaspace       used 57972K, capacity 58788K, committed 59028K, reserved 1101824K
  class space    used 6903K, capacity 7095K, committed 7168K, reserved 1048576K
}
Event: 95.777 GC heap before
{Heap before GC invocations=22 (full 3):
 PSYoungGen      total 307712K, used 13021K [0x00000000d5f00000, 0x00000000ecb00000, 0x0000000100000000)
  eden space 288768K, 0% used [0x00000000d5f00000,0x00000000d5f00000,0x00000000e7900000)
  from space 18944K, 68% used [0x00000000e7900000,0x00000000e85b7478,0x00000000e8b80000)
  to   space 19456K, 0% used [0x00000000eb800000,0x00000000eb800000,0x00000000ecb00000)
 ParOldGen       total 89088K, used 41825K [0x0000000081c00000, 0x0000000087300000, 0x00000000d5f00000)
  object space 89088K, 46% used [0x0000000081c00000,0x00000000844d86f8,0x0000000087300000)
 Metaspace       used 57972K, capacity 58788K, committed 59028K, reserved 1101824K
  class space    used 6903K, capacity 7095K, committed 7168K, reserved 1048576K
Event: 96.051 GC heap after
Heap after GC invocations=22 (full 3):
 PSYoungGen      total 307712K, used 0K [0x00000000d5f00000, 0x00000000ecb00000, 0x0000000100000000)
  eden space 288768K, 0% used [0x00000000d5f00000,0x00000000d5f00000,0x00000000e7900000)
  from space 18944K, 0% used [0x00000000e7900000,0x00000000e7900000,0x00000000e8b80000)
  to   space 19456K, 0% used [0x00000000eb800000,0x00000000eb800000,0x00000000ecb00000)
 ParOldGen       total 139264K, used 42243K [0x0000000081c00000, 0x000000008a400000, 0x00000000d5f00000)
  object space 139264K, 30% used [0x0000000081c00000,0x0000000084540f90,0x000000008a400000)
 Metaspace       used 57957K, capacity 58764K, committed 59028K, reserved 1101824K
  class space    used 6901K, capacity 7091K, committed 7168K, reserved 1048576K
}
Event: 148.256 GC heap before
{Heap before GC invocations=23 (full 3):
 PSYoungGen      total 307712K, used 288768K [0x00000000d5f00000, 0x00000000ecb00000, 0x0000000100000000)
  eden space 288768K, 100% used [0x00000000d5f00000,0x00000000e7900000,0x00000000e7900000)
  from space 18944K, 0% used [0x00000000e7900000,0x00000000e7900000,0x00000000e8b80000)
  to   space 19456K, 0% used [0x00000000eb800000,0x00000000eb800000,0x00000000ecb00000)
 ParOldGen       total 139264K, used 42243K [0x0000000081c00000, 0x000000008a400000, 0x00000000d5f00000)
  object space 139264K, 30% used [0x0000000081c00000,0x0000000084540f90,0x000000008a400000)
 Metaspace       used 63520K, capacity 64590K, committed 64728K, reserved 1105920K
  class space    used 7440K, capacity 7678K, committed 7680K, reserved 1048576K
Event: 148.268 GC heap after
Heap after GC invocations=23 (full 3):
 PSYoungGen      total 353280K, used 8868K [0x00000000d5f00000, 0x00000000eca00000, 0x0000000100000000)
  eden space 334848K, 0% used [0x00000000d5f00000,0x00000000d5f00000,0x00000000ea600000)
  from space 18432K, 48% used [0x00000000eb800000,0x00000000ec0a93b0,0x00000000eca00000)
  to   space 18432K, 0% used [0x00000000ea600000,0x00000000ea600000,0x00000000eb800000)
 ParOldGen       total 139264K, used 42286K [0x0000000081c00000, 0x000000008a400000, 0x00000000d5f00000)
  object space 139264K, 30% used [0x0000000081c00000,0x000000008454bbf0,0x000000008a400000)
 Metaspace       used 63520K, capacity 64590K, committed 64728K, reserved 1105920K
  class space    used 7440K, capacity 7678K, committed 7680K, reserved 1048576K
}
Event: 506.063 GC heap before
{Heap before GC invocations=24 (full 3):
 PSYoungGen      total 353280K, used 343716K [0x00000000d5f00000, 0x00000000eca00000, 0x0000000100000000)
  eden space 334848K, 100% used [0x00000000d5f00000,0x00000000ea600000,0x00000000ea600000)
  from space 18432K, 48% used [0x00000000eb800000,0x00000000ec0a93b0,0x00000000eca00000)
  to   space 18432K, 0% used [0x00000000ea600000,0x00000000ea600000,0x00000000eb800000)
 ParOldGen       total 139264K, used 42286K [0x0000000081c00000, 0x000000008a400000, 0x00000000d5f00000)
  object space 139264K, 30% used [0x0000000081c00000,0x000000008454bbf0,0x000000008a400000)
 Metaspace       used 66760K, capacity 68096K, committed 68312K, reserved 1110016K
  class space    used 7800K, capacity 8068K, committed 8192K, reserved 1048576K
Event: 506.084 GC heap after
Heap after GC invocations=24 (full 3):
 PSYoungGen      total 353280K, used 15745K [0x00000000d5f00000, 0x00000000ef880000, 0x0000000100000000)
  eden space 334848K, 0% used [0x00000000d5f00000,0x00000000d5f00000,0x00000000ea600000)
  from space 18432K, 85% used [0x00000000ea600000,0x00000000eb560790,0x00000000eb800000)
  to   space 19968K, 0% used [0x00000000ee500000,0x00000000ee500000,0x00000000ef880000)
 ParOldGen       total 139264K, used 42294K [0x0000000081c00000, 0x000000008a400000, 0x00000000d5f00000)
  object space 139264K, 30% used [0x0000000081c00000,0x000000008454dbf0,0x000000008a400000)
 Metaspace       used 66760K, capacity 68096K, committed 68312K, reserved 1110016K
  class space    used 7800K, capacity 8068K, committed 8192K, reserved 1048576K
}

Deoptimization events (10 events):
Event: 478.092 Thread 0x0000000023412800 Uncommon trap: reason=class_check action=maybe_recompile pc=0x0000000004e46dcc method=java.io.ObjectOutputStream$BlockDataOutputStream.drain()V @ 36
Event: 484.398 Thread 0x000000001e161800 Uncommon trap: reason=unstable_if action=reinterpret pc=0x0000000004fe4900 method=java.io.BufferedOutputStream.write([BII)V @ 6
Event: 516.212 Thread 0x000000001f0a5800 Uncommon trap: reason=unstable_if action=reinterpret pc=0x0000000004fbcf40 method=java.io.ObjectStreamField.isPrimitive()Z @ 18
Event: 516.212 Thread 0x000000001f0a5800 Uncommon trap: reason=unstable_if action=reinterpret pc=0x00000000037c7d88 method=java.io.ObjectOutputStream.writeArray(Ljava/lang/Object;Ljava/io/ObjectStreamClass;Z)V @ 97
Event: 521.556 Thread 0x000000002340e800 Uncommon trap: reason=unstable_if action=reinterpret pc=0x00000000034f1ad8 method=java.io.BufferedInputStream.fill()V @ 26
Event: 575.737 Thread 0x0000000023411800 Uncommon trap: reason=unstable_if action=reinterpret pc=0x00000000052587e4 method=com.sun.btrace.BTraceRuntime$3.keepRunning()Z @ 10
Event: 576.494 Thread 0x0000000023412800 Uncommon trap: reason=unstable_if action=reinterpret pc=0x00000000041de0e0 method=com.sun.btrace.runtime.ClassFilter.isNameMatching(Ljava/lang/String;)Z @ 10
Event: 576.601 Thread 0x000000002340e800 Uncommon trap: reason=unstable_if action=reinterpret pc=0x000000000516d5f0 method=java.lang.StackTraceElement.isNativeMethod()Z @ 6
Event: 591.474 Thread 0x000000001e166000 Uncommon trap: reason=unstable_if action=reinterpret pc=0x0000000005284b28 method=java.util.concurrent.ConcurrentHashMap.addCount(JI)V @ 34
Event: 665.913 Thread 0x0000000023412800 Uncommon trap: reason=unstable_if action=reinterpret pc=0x00000000034bb8f0 method=com.sun.btrace.runtime.ClassFilter.isNameMatching(Ljava/lang/String;)Z @ 29

Internal exceptions (10 events):
Event: 665.967 Thread 0x0000000023412800 Exception <a 'java/lang/ArrayStoreException'> (0x00000000e50d5110) thrown at [C:\re\workspace\8-2-build-windows-amd64-cygwin\jdk8u91\6644\hotspot\src\share\vm\runtime\sharedRuntime.cpp, line 605]
Event: 665.967 Thread 0x0000000023412800 Exception <a 'java/lang/ArrayStoreException'> (0x00000000e50e0cf0) thrown at [C:\re\workspace\8-2-build-windows-amd64-cygwin\jdk8u91\6644\hotspot\src\share\vm\runtime\sharedRuntime.cpp, line 605]
Event: 665.967 Thread 0x0000000023412800 Exception <a 'java/lang/ArrayStoreException'> (0x00000000e50ecd10) thrown at [C:\re\workspace\8-2-build-windows-amd64-cygwin\jdk8u91\6644\hotspot\src\share\vm\runtime\sharedRuntime.cpp, line 605]
Event: 665.968 Thread 0x0000000023412800 Exception <a 'java/lang/ArrayStoreException'> (0x00000000e50f8cf8) thrown at [C:\re\workspace\8-2-build-windows-amd64-cygwin\jdk8u91\6644\hotspot\src\share\vm\runtime\sharedRuntime.cpp, line 605]
Event: 665.968 Thread 0x0000000023412800 Exception <a 'java/lang/ArrayStoreException'> (0x00000000e5104c90) thrown at [C:\re\workspace\8-2-build-windows-amd64-cygwin\jdk8u91\6644\hotspot\src\share\vm\runtime\sharedRuntime.cpp, line 605]
Event: 665.971 Thread 0x0000000023412800 Exception <a 'java/lang/ArrayStoreException'> (0x00000000e5220710) thrown at [C:\re\workspace\8-2-build-windows-amd64-cygwin\jdk8u91\6644\hotspot\src\share\vm\runtime\sharedRuntime.cpp, line 605]
Event: 665.971 Thread 0x0000000023412800 Exception <a 'java/lang/ArrayStoreException'> (0x00000000e522d400) thrown at [C:\re\workspace\8-2-build-windows-amd64-cygwin\jdk8u91\6644\hotspot\src\share\vm\runtime\sharedRuntime.cpp, line 605]
Event: 665.972 Thread 0x0000000023412800 Exception <a 'java/lang/ArrayStoreException'> (0x00000000e5236ec0) thrown at [C:\re\workspace\8-2-build-windows-amd64-cygwin\jdk8u91\6644\hotspot\src\share\vm\runtime\sharedRuntime.cpp, line 605]
Event: 665.972 Thread 0x0000000023412800 Exception <a 'java/lang/ArrayStoreException'> (0x00000000e5247788) thrown at [C:\re\workspace\8-2-build-windows-amd64-cygwin\jdk8u91\6644\hotspot\src\share\vm\runtime\sharedRuntime.cpp, line 605]
Event: 665.973 Thread 0x0000000023412800 Exception <a 'java/lang/ArrayStoreException'> (0x00000000e5254308) thrown at [C:\re\workspace\8-2-build-windows-amd64-cygwin\jdk8u91\6644\hotspot\src\share\vm\runtime\sharedRuntime.cpp, line 605]

Events (10 events):
Event: 665.970 Thread 0x0000000023412800 DEOPT PACKING pc=0x000000000529b73b sp=0x000000002889c8c0
Event: 665.970 Thread 0x0000000023412800 DEOPT UNPACKING pc=0x000000000337787f sp=0x000000002889c620 mode 0
Event: 665.971 loading class com/couchbase/client/java/Bucket
Event: 665.971 loading class com/couchbase/client/java/Bucket done
Event: 665.971 loading class javax/cache/Caching
Event: 665.971 loading class javax/cache/Caching done
Event: 665.972 loading class org/infinispan/spring/provider/SpringEmbeddedCacheManager
Event: 665.972 loading class org/infinispan/spring/provider/SpringEmbeddedCacheManager done
Event: 665.972 loading class com/hazelcast/core/HazelcastInstance
Event: 665.972 loading class com/hazelcast/core/HazelcastInstance done


Dynamic libraries:
0x00007ff72fcb0000 - 0x00007ff72fce7000 	C:\Program Files\Java\jdk1.8.0_91\bin\java.exe
0x00007fffdef30000 - 0x00007fffdf0f1000 	C:\Windows\SYSTEM32\ntdll.dll
0x00007fffddfc0000 - 0x00007fffde06d000 	C:\Windows\system32\KERNEL32.DLL
0x00007fffdb7a0000 - 0x00007fffdb988000 	C:\Windows\system32\KERNELBASE.dll
0x00007fffde630000 - 0x00007fffde6d7000 	C:\Windows\system32\ADVAPI32.dll
0x00007fffdc350000 - 0x00007fffdc3ed000 	C:\Windows\system32\msvcrt.dll
0x00007fffdee20000 - 0x00007fffdee7b000 	C:\Windows\system32\sechost.dll
0x00007fffded00000 - 0x00007fffdee1c000 	C:\Windows\system32\RPCRT4.dll
0x00007fffdeb40000 - 0x00007fffdec96000 	C:\Windows\system32\USER32.dll
0x00007fffde070000 - 0x00007fffde1f7000 	C:\Windows\system32\GDI32.dll
0x00007fffce530000 - 0x00007fffce7a4000 	C:\Windows\WinSxS\amd64_microsoft.windows.common-controls_6595b64144ccf1df_6.0.10586.839_none_a2ddba30a539a2ae\COMCTL32.dll
0x00007fffddc70000 - 0x00007fffddeee000 	C:\Windows\system32\combase.dll
0x00007fffdb730000 - 0x00007fffdb79a000 	C:\Windows\system32\bcryptPrimitives.dll
0x00007fffde6e0000 - 0x00007fffde71b000 	C:\Windows\system32\IMM32.DLL
0x00007fffdb440000 - 0x00007fffdb471000 	C:\Windows\system32\nvinitx.dll
0x00007fffdb430000 - 0x00007fffdb43a000 	C:\Windows\SYSTEM32\VERSION.dll
0x0000000067ee0000 - 0x0000000067ee6000 	C:\Program Files\NVIDIA Corporation\CoProcManager\_etoured.dll
0x00007fffd9b40000 - 0x00007fffd9b73000 	C:\Program Files\NVIDIA Corporation\CoProcManager\nvd3d9wrapx.dll
0x00007fffde200000 - 0x00007fffde629000 	C:\Windows\system32\SETUPAPI.dll
0x00007fffdbaa0000 - 0x00007fffdbae3000 	C:\Windows\system32\CFGMGR32.dll
0x00007fffd9800000 - 0x00007fffd9822000 	C:\Program Files\NVIDIA Corporation\CoProcManager\nvdxgiwrapx.dll
0x0000000065ea0000 - 0x0000000065f72000 	C:\Program Files\Java\jdk1.8.0_91\jre\bin\msvcr100.dll
0x0000000065600000 - 0x0000000065e93000 	C:\Program Files\Java\jdk1.8.0_91\jre\bin\server\jvm.dll
0x00007fffde810000 - 0x00007fffde818000 	C:\Windows\system32\PSAPI.DLL
0x00007fffd62b0000 - 0x00007fffd62b9000 	C:\Windows\SYSTEM32\WSOCK32.dll
0x00007fffd9ac0000 - 0x00007fffd9ae3000 	C:\Windows\SYSTEM32\WINMM.dll
0x00007fffde7a0000 - 0x00007fffde80b000 	C:\Windows\system32\WS2_32.dll
0x00007fffd9a60000 - 0x00007fffd9a8c000 	C:\Windows\SYSTEM32\WINMMBASE.dll
0x00000000655f0000 - 0x00000000655ff000 	C:\Program Files\Java\jdk1.8.0_91\jre\bin\verify.dll
0x00000000655c0000 - 0x00000000655e9000 	C:\Program Files\Java\jdk1.8.0_91\jre\bin\java.dll
0x0000000065570000 - 0x0000000065593000 	C:\Program Files\Java\jdk1.8.0_91\jre\bin\instrument.dll
0x00000000655a0000 - 0x00000000655b6000 	C:\Program Files\Java\jdk1.8.0_91\jre\bin\zip.dll
0x00007fffdc6a0000 - 0x00007fffddbfc000 	C:\Windows\system32\SHELL32.dll
0x00007fffdbcc0000 - 0x00007fffdc304000 	C:\Windows\system32\windows.storage.dll
0x00007fffdeca0000 - 0x00007fffdecf2000 	C:\Windows\system32\shlwapi.dll
0x00007fffdb550000 - 0x00007fffdb55f000 	C:\Windows\system32\kernel.appcore.dll
0x00000000191c0000 - 0x0000000019275000 	C:\Windows\system32\shcore.dll
0x00007fffdb560000 - 0x00007fffdb5ab000 	C:\Windows\system32\powrprof.dll
0x00007fffdb5b0000 - 0x00007fffdb5c4000 	C:\Windows\system32\profapi.dll
0x00007fffc63e0000 - 0x00007fffc63fa000 	C:\Program Files\JetBrains\IntelliJ IDEA Community Edition 2017.2.4\bin\breakgen64.dll
0x0000000065550000 - 0x000000006556a000 	C:\Program Files\Java\jdk1.8.0_91\jre\bin\net.dll
0x00007fffdadd0000 - 0x00007fffdae2c000 	C:\Windows\system32\mswsock.dll
0x0000000065520000 - 0x000000006552d000 	C:\Program Files\Java\jdk1.8.0_91\jre\bin\management.dll
0x00007fffd14c0000 - 0x00007fffd14d6000 	C:\Windows\system32\napinsp.dll
0x00007fffd14a0000 - 0x00007fffd14ba000 	C:\Windows\system32\pnrpnsp.dll
0x00007fffd9200000 - 0x00007fffd9218000 	C:\Windows\system32\NLAapi.dll
0x00007fffd9d10000 - 0x00007fffd9dba000 	C:\Windows\SYSTEM32\DNSAPI.dll
0x00007fffdc340000 - 0x00007fffdc348000 	C:\Windows\system32\NSI.dll
0x00007fffd1710000 - 0x00007fffd171d000 	C:\Windows\System32\winrnr.dll
0x00007fffd9b20000 - 0x00007fffd9b35000 	C:\Windows\System32\wshbth.dll
0x00007fffd30a0000 - 0x00007fffd30aa000 	C:\Windows\System32\rasadhlp.dll
0x00007fffd5ed0000 - 0x00007fffd5f08000 	C:\Windows\SYSTEM32\IPHLPAPI.DLL
0x00007fffd52b0000 - 0x00007fffd5317000 	C:\Windows\System32\fwpuclnt.dll
0x00007fffdb480000 - 0x00007fffdb4a9000 	C:\Windows\SYSTEM32\bcrypt.dll
0x0000000065530000 - 0x0000000065541000 	C:\Program Files\Java\jdk1.8.0_91\jre\bin\nio.dll
0x00007fffdae80000 - 0x00007fffdae97000 	C:\Windows\SYSTEM32\CRYPTSP.dll
0x00007fffdab10000 - 0x00007fffdab44000 	C:\Windows\system32\rsaenh.dll
0x00007fffdac60000 - 0x00007fffdac7f000 	C:\Windows\SYSTEM32\USERENV.dll
0x00007fffdafa0000 - 0x00007fffdafab000 	C:\Windows\SYSTEM32\CRYPTBASE.dll
0x00007fffd53c0000 - 0x00007fffd53d6000 	C:\Windows\SYSTEM32\dhcpcsvc6.DLL
0x00007fffd5490000 - 0x00007fffd54aa000 	C:\Windows\SYSTEM32\dhcpcsvc.DLL
0x00007fffd3ac0000 - 0x00007fffd3c4c000 	C:\Windows\SYSTEM32\dbghelp.dll

VM Arguments:
jvm_args: -javaagent:C:\Program Files\JetBrains\IntelliJ IDEA Community Edition 2017.2.4\lib\idea_rt.jar=62148:C:\Program Files\JetBrains\IntelliJ IDEA Community Edition 2017.2.4\bin -Dfile.encoding=UTF-8 
java_command: info.lmovse.blog.AppApplication
java_class_path (initial): C:\Program Files\Java\jdk1.8.0_91\jre\lib\charsets.jar;C:\Program Files\Java\jdk1.8.0_91\jre\lib\deploy.jar;C:\Program Files\Java\jdk1.8.0_91\jre\lib\ext\access-bridge-64.jar;C:\Program Files\Java\jdk1.8.0_91\jre\lib\ext\cldrdata.jar;C:\Program Files\Java\jdk1.8.0_91\jre\lib\ext\dnsns.jar;C:\Program Files\Java\jdk1.8.0_91\jre\lib\ext\jaccess.jar;C:\Program Files\Java\jdk1.8.0_91\jre\lib\ext\jfxrt.jar;C:\Program Files\Java\jdk1.8.0_91\jre\lib\ext\localedata.jar;C:\Program Files\Java\jdk1.8.0_91\jre\lib\ext\nashorn.jar;C:\Program Files\Java\jdk1.8.0_91\jre\lib\ext\sunec.jar;C:\Program Files\Java\jdk1.8.0_91\jre\lib\ext\sunjce_provider.jar;C:\Program Files\Java\jdk1.8.0_91\jre\lib\ext\sunmscapi.jar;C:\Program Files\Java\jdk1.8.0_91\jre\lib\ext\sunpkcs11.jar;C:\Program Files\Java\jdk1.8.0_91\jre\lib\ext\zipfs.jar;C:\Program Files\Java\jdk1.8.0_91\jre\lib\javaws.jar;C:\Program Files\Java\jdk1.8.0_91\jre\lib\jce.jar;C:\Program Files\Java\jdk1.8.0_91\jre\lib\jfr.jar;C:\Program Files\Java\jdk1.8.0_91\jre\lib\jfxswt.jar;C:\Program Files\Java\jdk1.8.0_91\jre\lib\jsse.jar;C:\Program Files\Java\jdk1.8.0_91\jre\lib\management-agent.jar;C:\Program Files\Java\jdk1.8.0_91\jre\lib\plugin.jar;C:\Program Files\Java\jdk1.8.0_91\jre\lib\resources.jar;C:\Program Files\Java\jdk1.8.0_91\jre\lib\rt.jar;D:\IdeaProjects\lmb\target\classes;D:\m2\repository\org\springframework\boot\spring-boot-starter\1.5.4.RELEASE\spring-boot-starter-1.5.4.RELEASE.jar;D:\m2\repository\org\springframework\boot\spring-boot\1.5.4.RELEASE\spring-boot-1.5.4.RELEASE.jar;D:\m2\repository\org\springframework\spring-context\4.3.9.RELEASE\spring-context-4.3.9.RELEASE.jar;D:\m2\repository\org\springframework\spring-expression\4.3.9.RELEASE\spring-expression-4.3.9.RELEASE.jar;D:\m2\repository\org\springframework\spring-core\4.3.9.RELEASE\spring-core-4.3.9.RELEASE.jar;D:\m2\repository\org\yaml\snakeyaml\1.17\snakeyaml-1.17.jar;D:\m2\repository\org\springframework\boot\spring-boot-starter-aop\1.
Launcher Type: SUN_STANDARD

Environment Variables:
JAVA_HOME=C:\Program Files\Java\jdk1.8.0_91
CLASSPATH=.;C:\Program Files\Java\jdk1.7.0_51\lib\dt.jar;C:\Program Files\Java\jdk1.7.0_51\lib\tools.jar;
PATH=C:\Program Files (x86)\Common Files\NetSarang;C:\ProgramData\Oracle\Java\javapath;C:\Windows\system32;C:\Windows;C:\Windows\System32\Wbem;C:\Windows\System32\WindowsPowerShell\v1.0\;F:\mysql-5.7.17-winx64\bin;C:\Program Files\Java\jdk1.7.0_51\bin;F:\TortoiseSVN\bin;F:\Git\cmd;F:\VisualSVN\bin;F:\apache-maven-3.3.9\bin;F:\Git\bin;C:\Users\96567\Downloads\btrace-bin-1.3.9\bin
USERNAME=96567
OS=Windows_NT
PROCESSOR_IDENTIFIER=Intel64 Family 6 Model 58 Stepping 9, GenuineIntel



---------------  S Y S T E M  ---------------

OS: Windows 10.0 , 64 bit Build 10586 (10.0.10586.589)

CPU:total 4 (2 cores per cpu, 2 threads per core) family 6 model 58 stepping 9, cmov, cx8, fxsr, mmx, sse, sse2, sse3, ssse3, sse4.1, sse4.2, popcnt, avx, aes, clmul, erms, ht, tsc, tscinvbit, tscinv

Memory: 4k page, physical 8271252k(1696668k free), swap 19680128k(1363516k free)

vm_info: Java HotSpot(TM) 64-Bit Server VM (25.91-b14) for windows-amd64 JRE (1.8.0_91-b14), built on Apr  1 2016 00:58:32 by "java_re" with MS VC++ 10.0 (VS2010)

time: Tue Oct 17 13:21:14 2017
elapsed time: 666 seconds (0d 0h 11m 6s)

